#
# A fatal error has been detected by the Java Runtime Environment:
#
#  EXCEPTION_ACCESS_VIOLATION (0xc0000005) at pc=0x000000006ea58091, pid=5408, tid=0x00000000000004b8
#
# JRE version: OpenJDK Runtime Environment (8.0_242-b01) (build 1.8.0_242-release-1644-b01)
# Java VM: OpenJDK 64-Bit Server VM (25.242-b01 mixed mode windows-amd64 compressed oops)
# Problematic frame:
# V  [jvm.dll+0x218091]
#
# Failed to write core dump. Minidumps are not enabled by default on client versions of Windows
#
# If you would like to submit a bug report, please visit:
#   
#

---------------  T H R E A D  ---------------

Current thread (0x000000006c770000):  JavaThread "WorkerExecutor Queue Thread 2" [_thread_in_vm, id=1208, stack(0x00000000714a0000,0x00000000715a0000)]

siginfo: ExceptionCode=0xc0000005, reading address 0xffffffffffffffff

Registers:
RAX=0xdc403b10dc403a58, RBX=0xdc403b10dc403a58, RCX=0x0000000000000000, RDX=0x00000000dc403ba8
RSP=0x000000007159dbb0, RBP=0x000000006c770000, RSI=0x00000000dc403ba8, RDI=0x000000005e466d48
R8 =0xdc403b10dc403a58, R9 =0x0000000000000040, R10=0x000007fee6fa5b48, R11=0x0000000000000020
R12=0x0000000000000000, R13=0x0000007fffffff00, R14=0x000000007159dcd0, R15=0x000000006c770000
RIP=0x000000006ea58091, EFLAGS=0x0000000000010282

Top of Stack: (sp=0x000000007159dbb0)
0x000000007159dbb0:   00000000dc403ba8 0000000000000000
0x000000007159dbc0:   0000007fffffff00 000000007159dcd0
0x000000007159dbd0:   00000000dca01188 00000000048e8824
0x000000007159dbe0:   000000006c770000 000000007159dcd0
0x000000007159dbf0:   0000007fffffff00 0000000000000000
0x000000007159dc00:   00000000dc403ba8 000000006ea59096
0x000000007159dc10:   dc403b10dc403a58 000000007159dce0
0x000000007159dc20:   000000006c770000 00000000dc3dd428
0x000000007159dc30:   0000000016caa420 000000007159dca0
0x000000007159dc40:   0000000000000000 000000006e99c1d1
0x000000007159dc50:   000000007159dce0 0000000000000000
0x000000007159dc60:   000000006c770000 000000205a17c5a8
0x000000007159dc70:   00000000dca00de0 0000000002eaf354
0x000000007159dc80:   00000000116b0000 000000007159dce0
0x000000007159dc90:   0000000000000000 000000006e910d9b
0x000000007159dca0:   00000000dc403ba8 000000007159dd10 

Instructions: (pc=0x000000006ea58091)
0x000000006ea58071:   05 5e ee 55 00 33 c9 89 47 68 ff 15 ef 3a 57 00
0x000000006ea58081:   48 3b c3 0f 85 46 01 00 00 48 8b c3 48 83 e0 fd
0x000000006ea58091:   48 8b 00 48 89 07 48 89 5f 18 4c 89 67 28 48 89
0x000000006ea580a1:   77 08 48 8b 06 48 85 c0 74 24 4c 8d 0d de 07 3c 


Register to memory mapping:

RAX=0xdc403b10dc403a58 is an unknown value
RBX=0xdc403b10dc403a58 is an unknown value
RCX=0x0000000000000000 is an unknown value
RDX=0x00000000dc403ba8 is an oop

[error occurred during error reporting (printing register info), id 0xc0000005]

Stack: [0x00000000714a0000,0x00000000715a0000],  sp=0x000000007159dbb0,  free space=1014k
Native frames: (J=compiled Java code, j=interpreted, Vv=VM code, C=native code)
V  [jvm.dll+0x218091]
V  [jvm.dll+0x219096]
V  [jvm.dll+0x15c1d1]
C  0x0000000002eaf354

Java frames: (J=compiled Java code, j=interpreted, Vv=VM code)
J 2348  java.lang.System.identityHashCode(Ljava/lang/Object;)I (0 bytes) @ 0x0000000002eaf2d2 [0x0000000002eaf280+0x52]
J 12756 C2 java.util.IdentityHashMap.containsKey(Ljava/lang/Object;)Z (55 bytes) @ 0x00000000048e8824 [0x00000000048e8760+0xc4]
J 13509 C2 com.android.tools.r8.dex.P$g.a(Lcom/android/tools/r8/graph/Y;Ljava/util/Set;Ljava/util/Set;)Z (35 bytes) @ 0x0000000003fe4fe0 [0x0000000003fe45a0+0xa40]
J 13561 C2 com.android.tools.r8.graph.U.collectIndexedItems(Lcom/android/tools/r8/dex/v;Lcom/android/tools/r8/graph/d0;I)V (42 bytes) @ 0x0000000003e943b8 [0x0000000003e942e0+0xd8]
J 13524 C2 com.android.tools.r8.graph.Y.a([Lcom/android/tools/r8/graph/Y;Ljava/util/function/Consumer;)V (39 bytes) @ 0x0000000003cff930 [0x0000000003cff8a0+0x90]
J 13546 C1 com.android.tools.r8.graph.f0.collectIndexedItems(Lcom/android/tools/r8/dex/v;Lcom/android/tools/r8/graph/d0;I)V (307 bytes) @ 0x00000000047b836c [0x00000000047b64e0+0x1e8c]
J 13545 C1 com.android.tools.r8.dex.P.a(Lcom/android/tools/r8/graph/f0;)V (14 bytes) @ 0x0000000002b7c0ec [0x0000000002b7bf00+0x1ec]
j  com.android.tools.r8.dex.P$d.a()Ljava/util/List;+145
j  com.android.tools.r8.dex.b.a(Ljava/util/concurrent/ExecutorService;)Ljava/util/List;+120
j  com.android.tools.r8.dex.b.b(Ljava/util/concurrent/ExecutorService;)V+216
j  com.android.tools.r8.D8.d(Lcom/android/tools/r8/utils/e;Lcom/android/tools/r8/utils/k0;Ljava/util/concurrent/ExecutorService;)V+482
j  com.android.tools.r8.D8.b(Lcom/android/tools/r8/utils/e;Lcom/android/tools/r8/utils/k0;Ljava/util/concurrent/ExecutorService;)V+3
j  com.android.tools.r8.D8$$Lambda$787.run()V+12
j  com.android.tools.r8.utils.Y.a(Lcom/android/tools/r8/utils/T0;Lcom/android/tools/r8/utils/Y$a;)V+2
j  com.android.tools.r8.D8.run(Lcom/android/tools/r8/D8Command;Ljava/util/concurrent/ExecutorService;)V+22
j  com.android.builder.dexing.D8DexArchiveBuilder.convert(Ljava/util/stream/Stream;Ljava/nio/file/Path;Lcom/android/builder/dexing/DependencyGraphUpdater;)V+289
j  com.android.build.gradle.internal.dexing.DexWorkActionKt.process(Lcom/android/builder/dexing/DexArchiveBuilder;Lcom/android/builder/dexing/ClassBucket;Lkotlin/jvm/functions/Function2;Ljava/io/File;Lcom/android/builder/dexing/DependencyGraphUpdater;)V+196
j  com.android.build.gradle.internal.dexing.DexWorkActionKt.processIncrementally(Lcom/android/builder/dexing/DexArchiveBuilder;Lcom/android/build/gradle/internal/dexing/DexWorkActionParams;)V+306
j  com.android.build.gradle.internal.dexing.DexWorkActionKt.launchProcessing(Lcom/android/build/gradle/internal/dexing/DexWorkActionParams;Ljava/io/OutputStream;Ljava/io/OutputStream;Lcom/android/ide/common/blame/MessageReceiver;)V+46
j  com.android.build.gradle.internal.dexing.DexWorkAction.run()V+66
j  org.gradle.workers.internal.AdapterWorkAction.execute()V+48
j  org.gradle.workers.internal.DefaultWorkerServer.execute(Lorg/gradle/workers/internal/SimpleActionExecutionSpec;)Lorg/gradle/workers/internal/DefaultWorkResult;+128
j  org.gradle.workers.internal.NoIsolationWorkerFactory$1$1.create()Lorg/gradle/workers/internal/DefaultWorkResult;+29
j  org.gradle.workers.internal.NoIsolationWorkerFactory$1$1.create()Ljava/lang/Object;+1
j  org.gradle.internal.classloader.ClassLoaderUtils.executeInClassloader(Ljava/lang/ClassLoader;Lorg/gradle/internal/Factory;)Ljava/lang/Object;+15
j  org.gradle.workers.internal.NoIsolationWorkerFactory$1.lambda$execute$0(Ljava/lang/ClassLoader;Lorg/gradle/workers/WorkerExecutor;Lorg/gradle/workers/internal/IsolatedParametersActionExecutionSpec;)Lorg/gradle/workers/internal/DefaultWorkResult;+10
j  org.gradle.workers.internal.NoIsolationWorkerFactory$1$$Lambda$752.execute(Lorg/gradle/workers/internal/IsolatedParametersActionExecutionSpec;)Lorg/gradle/workers/internal/DefaultWorkResult;+13
j  org.gradle.workers.internal.AbstractWorker$1.call(Lorg/gradle/internal/operations/BuildOperationContext;)Lorg/gradle/workers/internal/DefaultWorkResult;+8
j  org.gradle.workers.internal.AbstractWorker$1.call(Lorg/gradle/internal/operations/BuildOperationContext;)Ljava/lang/Object;+2
J 18958 C2 org.gradle.internal.operations.DefaultBuildOperationExecutor$1.execute(Lorg/gradle/internal/operations/BuildOperationDescriptor;Lorg/gradle/internal/operations/DefaultBuildOperationExecutor$DefaultBuildOperationContext;Lorg/gradle/internal/operations/DefaultBuildOperationExecutor$BuildOperationExecutionListener;)Lorg/gradle/internal/operations/BuildOperation; (82 bytes) @ 0x00000000058cbd74 [0x00000000058cbcc0+0xb4]
J 18283 C2 org.gradle.internal.operations.DefaultBuildOperationExecutor.execute(Lorg/gradle/internal/operations/BuildOperationDescriptor$Builder;Lorg/gradle/internal/operations/DefaultBuildOperationExecutor$BuildOperationState;Lorg/gradle/internal/operations/DefaultBuildOperationExecutor$BuildOperationExecution;)Lorg/gradle/internal/operations/BuildOperation; (111 bytes) @ 0x0000000003fd2d98 [0x0000000003fd26a0+0x6f8]
J 18291 C2 org.gradle.internal.operations.DefaultBuildOperationExecutor.execute(Lorg/gradle/internal/operations/BuildOperation;Lorg/gradle/internal/operations/BuildOperationWorker;Lorg/gradle/internal/operations/DefaultBuildOperationExecutor$BuildOperationState;)V (27 bytes) @ 0x0000000004907c08 [0x0000000004907b60+0xa8]
J 15562 C2 org.gradle.internal.operations.DelegatingBuildOperationExecutor.call(Lorg/gradle/internal/operations/CallableBuildOperation;)Ljava/lang/Object; (11 bytes) @ 0x0000000003863e14 [0x0000000003863ca0+0x174]
j  org.gradle.workers.internal.AbstractWorker.executeWrappedInBuildOperation(Lorg/gradle/workers/internal/IsolatedParametersActionExecutionSpec;Lorg/gradle/internal/operations/BuildOperationRef;Lorg/gradle/workers/internal/AbstractWorker$Work;)Lorg/gradle/workers/internal/DefaultWorkResult;+15
j  org.gradle.workers.internal.NoIsolationWorkerFactory$1.execute(Lorg/gradle/workers/internal/IsolatedParametersActionExecutionSpec;Lorg/gradle/internal/operations/BuildOperationRef;)Lorg/gradle/workers/internal/DefaultWorkResult;+17
j  org.gradle.workers.internal.DefaultWorkerExecutor.lambda$submitWork$2(Lorg/gradle/workers/internal/WorkerFactory;Lorg/gradle/workers/internal/WorkerRequirement;Lorg/gradle/workers/internal/IsolatedParametersActionExecutionSpec;Lorg/gradle/internal/operations/BuildOperationRef;)Lorg/gradle/workers/internal/DefaultWorkResult;+13
j  org.gradle.workers.internal.DefaultWorkerExecutor$$Lambda$751.call()Ljava/lang/Object;+16
J 13017 C2 java.util.concurrent.FutureTask.run()V (126 bytes) @ 0x000000000496ab28 [0x000000000496a960+0x1c8]
j  org.gradle.internal.work.DefaultConditionalExecutionQueue$ExecutionRunner.runExecution(Lorg/gradle/internal/work/ConditionalExecution;)V+6
j  org.gradle.internal.work.DefaultConditionalExecutionQueue$ExecutionRunner.runBatch(Lorg/gradle/internal/work/ConditionalExecution;)V+8
j  org.gradle.internal.work.DefaultConditionalExecutionQueue$ExecutionRunner.run()V+11
J 14430 C1 java.util.concurrent.Executors$RunnableAdapter.call()Ljava/lang/Object; (14 bytes) @ 0x0000000003cb6a8c [0x0000000003cb6980+0x10c]
J 13017 C2 java.util.concurrent.FutureTask.run()V (126 bytes) @ 0x000000000496ab28 [0x000000000496a960+0x1c8]
J 15543 C2 org.gradle.internal.concurrent.ManagedExecutorImpl$1.run()V (59 bytes) @ 0x0000000003867cc0 [0x0000000003867b40+0x180]
J 23907 C2 java.util.concurrent.ThreadPoolExecutor.runWorker(Ljava/util/concurrent/ThreadPoolExecutor$Worker;)V (225 bytes) @ 0x0000000006b150a4 [0x0000000006b14e40+0x264]
J 17772 C1 java.util.concurrent.ThreadPoolExecutor$Worker.run()V (9 bytes) @ 0x0000000002aa5fc4 [0x0000000002aa5ec0+0x104]
J 17774 C1 org.gradle.internal.concurrent.ThreadFactoryImpl$ManagedThreadRunnable.run()V (13 bytes) @ 0x0000000002e8b81c [0x0000000002e8b2e0+0x53c]
J 17771 C1 java.lang.Thread.run()V (17 bytes) @ 0x0000000003d130bc [0x0000000003d12f80+0x13c]
v  ~StubRoutines::call_stub

---------------  P R O C E S S  ---------------

Java Threads: ( => current thread )
  0x000000006c771000 JavaThread "WorkerExecutor Queue Thread 3" [_thread_blocked, id=6328, stack(0x0000000077960000,0x0000000077a60000)]
=>0x000000006c770000 JavaThread "WorkerExecutor Queue Thread 2" [_thread_in_vm, id=1208, stack(0x00000000714a0000,0x00000000715a0000)]
  0x000000006c76f800 JavaThread "WorkerExecutor Queue" [_thread_blocked, id=7144, stack(0x00000000756f0000,0x00000000757f0000)]
  0x000000005e5a8000 JavaThread "ForkJoinPool.commonPool-worker-3" daemon [_thread_blocked, id=6420, stack(0x0000000073700000,0x0000000073800000)]
  0x000000005e5a7000 JavaThread "ForkJoinPool.commonPool-worker-2" daemon [_thread_blocked, id=3372, stack(0x00000000765f0000,0x00000000766f0000)]
  0x000000005e5a6800 JavaThread "ForkJoinPool.commonPool-worker-1" daemon [_thread_blocked, id=7152, stack(0x0000000071aa0000,0x0000000071ba0000)]
  0x000000005e5a5800 JavaThread "Cache worker for Java compile cache (C:\Users\user\AndroidStudioProjects\Easyclosest\.gradle\6.5\javaCompile)" [_thread_blocked, id=7048, stack(0x00000000755b0000,0x00000000756b0000)]
  0x000000005e5a5000 JavaThread "Cache worker for execution history cache (C:\Users\user\AndroidStudioProjects\Easyclosest\.gradle\6.5\executionHistory)" [_thread_blocked, id=5784, stack(0x0000000071900000,0x0000000071a00000)]
  0x000000005e5a4000 JavaThread "Execution worker for ':' Thread 3" [_thread_blocked, id=3420, stack(0x0000000071790000,0x0000000071890000)]
  0x000000005e5a3800 JavaThread "Execution worker for ':' Thread 2" [_thread_blocked, id=2092, stack(0x0000000071620000,0x0000000071720000)]
  0x000000005e5a2800 JavaThread "Execution worker for ':'" [_thread_blocked, id=1496, stack(0x0000000071040000,0x0000000071140000)]
  0x000000005e5a2000 JavaThread "Cache worker for file content cache (C:\Users\user\AndroidStudioProjects\Easyclosest\.gradle\6.5\fileContent)" [_thread_blocked, id=5616, stack(0x0000000071370000,0x0000000071470000)]
  0x000000005e5a1000 JavaThread "pool-15-thread-1" [_thread_blocked, id=6480, stack(0x0000000070de0000,0x0000000070ee0000)]
  0x000000005edc2800 JavaThread "Cache worker for Build Output Cleanup Cache (C:\Users\user\AndroidStudioProjects\Easyclosest\.gradle\buildOutputCleanup)" [_thread_blocked, id=2680, stack(0x00000000704f0000,0x00000000705f0000)]
  0x000000005edc2000 JavaThread "jar transforms Thread 846" [_thread_blocked, id=5244, stack(0x0000000071150000,0x0000000071250000)]
  0x000000005edc1000 JavaThread "jar transforms Thread 845" [_thread_blocked, id=1132, stack(0x0000000070f20000,0x0000000071020000)]
  0x000000005edc0800 JavaThread "jar transforms Thread 844" [_thread_blocked, id=2540, stack(0x0000000070ce0000,0x0000000070de0000)]
  0x000000005edbf800 JavaThread "jar transforms Thread 843" [_thread_blocked, id=796, stack(0x0000000070ab0000,0x0000000070bb0000)]
  0x000000005edbf000 JavaThread "jar transforms Thread 842" [_thread_blocked, id=6008, stack(0x0000000070bb0000,0x0000000070cb0000)]
  0x000000005edbe000 JavaThread "jar transforms Thread 841" [_thread_blocked, id=4752, stack(0x0000000070940000,0x0000000070a40000)]
  0x000000005edbd800 JavaThread "jar transforms Thread 840" [_thread_blocked, id=7004, stack(0x0000000070030000,0x0000000070130000)]
  0x000000005edbc800 JavaThread "jar transforms Thread 839" [_thread_blocked, id=5856, stack(0x0000000070750000,0x0000000070850000)]
  0x000000005edbc000 JavaThread "jar transforms Thread 838" [_thread_blocked, id=6832, stack(0x0000000068690000,0x0000000068790000)]
  0x000000006073f000 JavaThread "jar transforms Thread 837" [_thread_blocked, id=6476, stack(0x000000006e740000,0x000000006e840000)]
  0x000000006073e000 JavaThread "jar transforms Thread 836" [_thread_blocked, id=5760, stack(0x000000006adc0000,0x000000006aec0000)]
  0x000000006073d800 JavaThread "jar transforms Thread 835" [_thread_blocked, id=744, stack(0x00000000705f0000,0x00000000706f0000)]
  0x000000006073c800 JavaThread "jar transforms Thread 834" [_thread_blocked, id=6604, stack(0x00000000703f0000,0x00000000704f0000)]
  0x000000006073c000 JavaThread "jar transforms Thread 833" [_thread_blocked, id=5756, stack(0x00000000702b0000,0x00000000703b0000)]
  0x000000006073b000 JavaThread "jar transforms Thread 832" [_thread_blocked, id=5132, stack(0x00000000701b0000,0x00000000702b0000)]
  0x000000006073a800 JavaThread "jar transforms Thread 831" [_thread_blocked, id=6528, stack(0x000000006bee0000,0x000000006bfe0000)]
  0x0000000060739800 JavaThread "jar transforms Thread 830" [_thread_blocked, id=6516, stack(0x000000006ff30000,0x0000000070030000)]
  0x0000000060739000 JavaThread "jar transforms Thread 829" [_thread_blocked, id=6016, stack(0x000000006fd90000,0x000000006fe90000)]
  0x0000000060738000 JavaThread "jar transforms Thread 828" [_thread_blocked, id=4804, stack(0x000000006fc30000,0x000000006fd30000)]
  0x000000006c79e000 JavaThread "jar transforms Thread 827" [_thread_blocked, id=3532, stack(0x000000006a360000,0x000000006a460000)]
  0x000000006c79d800 JavaThread "jar transforms Thread 826" [_thread_blocked, id=6112, stack(0x000000006fa90000,0x000000006fb90000)]
  0x000000006c79c800 JavaThread "jar transforms Thread 825" [_thread_blocked, id=6436, stack(0x000000006f900000,0x000000006fa00000)]
  0x000000006c79c000 JavaThread "jar transforms Thread 824" [_thread_blocked, id=6200, stack(0x0000000066920000,0x0000000066a20000)]
  0x000000006c79b000 JavaThread "jar transforms Thread 823" [_thread_blocked, id=6192, stack(0x000000006db30000,0x000000006dc30000)]
  0x000000006c79a800 JavaThread "jar transforms Thread 822" [_thread_blocked, id=6548, stack(0x000000006f770000,0x000000006f870000)]
  0x000000006c799800 JavaThread "jar transforms Thread 821" [_thread_blocked, id=4244, stack(0x000000006dc30000,0x000000006dd30000)]
  0x000000006c799000 JavaThread "jar transforms Thread 820" [_thread_blocked, id=2820, stack(0x000000006d4f0000,0x000000006d5f0000)]
  0x000000006c798000 JavaThread "jar transforms Thread 819" [_thread_blocked, id=6140, stack(0x000000006c160000,0x000000006c260000)]
  0x000000006c797000 JavaThread "jar transforms Thread 818" [_thread_blocked, id=6568, stack(0x000000006bfe0000,0x000000006c0e0000)]
  0x000000006cb9c800 JavaThread "jar transforms Thread 817" [_thread_blocked, id=6116, stack(0x000000006a9d0000,0x000000006aad0000)]
  0x000000006cb9d000 JavaThread "jar transforms Thread 816" [_thread_blocked, id=6048, stack(0x0000000069f90000,0x000000006a090000)]
  0x000000006cb9e800 JavaThread "jar transforms Thread 815" [_thread_blocked, id=7044, stack(0x0000000068890000,0x0000000068990000)]
  0x000000006cb9e000 JavaThread "jar transforms Thread 814" [_thread_blocked, id=7108, stack(0x000000006a5e0000,0x000000006a6e0000)]
  0x0000000058f45800 JavaThread "jar transforms Thread 813" [_thread_blocked, id=6492, stack(0x000000006a470000,0x000000006a570000)]
  0x0000000058f47000 JavaThread "jar transforms Thread 812" [_thread_blocked, id=2436, stack(0x000000006a230000,0x000000006a330000)]
  0x0000000058f4b800 JavaThread "jar transforms Thread 811" [_thread_blocked, id=5840, stack(0x0000000069c00000,0x0000000069d00000)]
  0x0000000058f48800 JavaThread "jar transforms Thread 810" [_thread_blocked, id=6932, stack(0x000000006a0b0000,0x000000006a1b0000)]
  0x0000000058f4a000 JavaThread "jar transforms Thread 809" [_thread_blocked, id=5676, stack(0x00000000681d0000,0x00000000682d0000)]
  0x000000005e890000 JavaThread "jar transforms Thread 808" [_thread_blocked, id=5488, stack(0x0000000067bb0000,0x0000000067cb0000)]
  0x000000005e891800 JavaThread "jar transforms Thread 807" [_thread_blocked, id=6220, stack(0x0000000069d10000,0x0000000069e10000)]
  0x000000005e890800 JavaThread "jar transforms Thread 806" [_thread_blocked, id=2344, stack(0x00000000697b0000,0x00000000698b0000)]
  0x000000005e88e800 JavaThread "jar transforms Thread 805" [_thread_blocked, id=6616, stack(0x00000000695b0000,0x00000000696b0000)]
  0x000000005e88b800 JavaThread "jar transforms Thread 804" [_thread_blocked, id=6208, stack(0x0000000069ad0000,0x0000000069bd0000)]
  0x000000005e88a800 JavaThread "jar transforms Thread 803" [_thread_blocked, id=4924, stack(0x00000000698e0000,0x00000000699e0000)]
  0x000000005af6f000 JavaThread "jar transforms Thread 802" [_thread_blocked, id=4592, stack(0x00000000696b0000,0x00000000697b0000)]
  0x000000005af6e800 JavaThread "jar transforms Thread 801" [_thread_blocked, id=5268, stack(0x0000000069470000,0x0000000069570000)]
  0x000000005af6d800 JavaThread "jar transforms Thread 800" [_thread_blocked, id=1396, stack(0x0000000069330000,0x0000000069430000)]
  0x000000005af70800 JavaThread "jar transforms Thread 799" [_thread_blocked, id=3096, stack(0x00000000691c0000,0x00000000692c0000)]
  0x000000005af70000 JavaThread "jar transforms Thread 798" [_thread_blocked, id=6980, stack(0x0000000068fd0000,0x00000000690d0000)]
  0x000000005af6c000 JavaThread "jar transforms Thread 797" [_thread_blocked, id=5844, stack(0x0000000068e20000,0x0000000068f20000)]
  0x000000005a369800 JavaThread "jar transforms Thread 796" [_thread_blocked, id=2060, stack(0x0000000068cf0000,0x0000000068df0000)]
  0x000000005a36b800 JavaThread "jar transforms Thread 795" [_thread_blocked, id=5968, stack(0x0000000068b80000,0x0000000068c80000)]
  0x000000005a367000 JavaThread "jar transforms Thread 794" [_thread_blocked, id=6296, stack(0x0000000068990000,0x0000000068a90000)]
  0x000000005a36c800 JavaThread "jar transforms Thread 793" [_thread_blocked, id=6964, stack(0x0000000067dd0000,0x0000000067ed0000)]
  0x000000005a368000 JavaThread "jar transforms Thread 792" [_thread_blocked, id=5556, stack(0x0000000068790000,0x0000000068890000)]
  0x000000005a366800 JavaThread "jar transforms Thread 791" [_thread_blocked, id=6408, stack(0x0000000068590000,0x0000000068690000)]
  0x000000005a368800 JavaThread "jar transforms Thread 790" [_thread_blocked, id=6240, stack(0x0000000068490000,0x0000000068590000)]
  0x0000000061061800 JavaThread "jar transforms Thread 789" [_thread_blocked, id=6744, stack(0x000000005cf00000,0x000000005d000000)]
  0x000000006105e800 JavaThread "jar transforms Thread 788" [_thread_blocked, id=2960, stack(0x00000000682d0000,0x00000000683d0000)]
  0x0000000061064000 JavaThread "jar transforms Thread 787" [_thread_blocked, id=1448, stack(0x00000000680d0000,0x00000000681d0000)]
  0x000000006105e000 JavaThread "jar transforms Thread 786" [_thread_blocked, id=6796, stack(0x0000000067ee0000,0x0000000067fe0000)]
  0x0000000061062800 JavaThread "jar transforms Thread 785" [_thread_blocked, id=6216, stack(0x0000000067cb0000,0x0000000067db0000)]
  0x0000000061063000 JavaThread "jar transforms Thread 784" [_thread_blocked, id=6488, stack(0x0000000067ab0000,0x0000000067bb0000)]
  0x0000000061061000 JavaThread "jar transforms Thread 783" [_thread_blocked, id=5004, stack(0x0000000067490000,0x0000000067590000)]
  0x000000006105d000 JavaThread "jar transforms Thread 782" [_thread_blocked, id=3936, stack(0x00000000678f0000,0x00000000679f0000)]
  0x000000005ef54000 JavaThread "jar transforms Thread 781" [_thread_blocked, id=7112, stack(0x0000000067740000,0x0000000067840000)]
  0x000000005ef53000 JavaThread "jar transforms Thread 780" [_thread_blocked, id=2476, stack(0x00000000675d0000,0x00000000676d0000)]
  0x000000005ef57000 JavaThread "jar transforms Thread 779" [_thread_blocked, id=2940, stack(0x0000000067350000,0x0000000067450000)]
  0x000000005ef50000 JavaThread "jar transforms Thread 778" [_thread_blocked, id=5372, stack(0x0000000066df0000,0x0000000066ef0000)]
  0x000000005ef55800 JavaThread "jar transforms Thread 777" [_thread_blocked, id=6896, stack(0x0000000067250000,0x0000000067350000)]
  0x000000005ef54800 JavaThread "jar transforms Thread 776" [_thread_blocked, id=6872, stack(0x0000000067060000,0x0000000067160000)]
  0x000000005ef56000 JavaThread "jar transforms Thread 775" [_thread_blocked, id=6076, stack(0x0000000066f30000,0x0000000067030000)]
  0x000000005ef52800 JavaThread "jar transforms Thread 774" [_thread_blocked, id=6852, stack(0x0000000066cc0000,0x0000000066dc0000)]
  0x000000006080c800 JavaThread "jar transforms Thread 773" [_thread_blocked, id=6448, stack(0x0000000066b90000,0x0000000066c90000)]
  0x0000000060807000 JavaThread "jar transforms Thread 772" [_thread_blocked, id=6732, stack(0x0000000066440000,0x0000000066540000)]
  0x000000006080a000 JavaThread "jar transforms Thread 771" [_thread_blocked, id=6688, stack(0x0000000066a20000,0x0000000066b20000)]
  0x000000006080d000 JavaThread "jar transforms Thread 770" [_thread_blocked, id=6276, stack(0x0000000066820000,0x0000000066920000)]
  0x0000000060808000 JavaThread "jar transforms Thread 769" [_thread_blocked, id=6608, stack(0x0000000066720000,0x0000000066820000)]
  0x0000000060809800 JavaThread "jar transforms Thread 768" [_thread_blocked, id=6652, stack(0x0000000066570000,0x0000000066670000)]
  0x000000006080e000 JavaThread "jar transforms Thread 767" [_thread_blocked, id=4784, stack(0x0000000066300000,0x0000000066400000)]
  0x0000000060808800 JavaThread "jar transforms Thread 766" [_thread_blocked, id=3596, stack(0x0000000066100000,0x0000000066200000)]
  0x000000006080b800 JavaThread "jar transforms Thread 765" [_thread_blocked, id=6836, stack(0x0000000065f80000,0x0000000066080000)]
  0x000000005e1ee000 JavaThread "jar transforms Thread 764" [_thread_blocked, id=5656, stack(0x0000000065e40000,0x0000000065f40000)]
  0x000000005e1ef800 JavaThread "jar transforms Thread 763" [_thread_blocked, id=5916, stack(0x0000000063550000,0x0000000063650000)]
  0x000000005e1ec800 JavaThread "jar transforms Thread 762" [_thread_blocked, id=2228, stack(0x0000000065cc0000,0x0000000065dc0000)]
  0x000000005e1ed800 JavaThread "jar transforms Thread 761" [_thread_blocked, id=412, stack(0x0000000065530000,0x0000000065630000)]
  0x000000005e1e9000 JavaThread "jar transforms Thread 760" [_thread_blocked, id=5240, stack(0x0000000065b20000,0x0000000065c20000)]
  0x000000005e1ea800 JavaThread "jar transforms Thread 759" [_thread_blocked, id=3280, stack(0x0000000065990000,0x0000000065a90000)]
  0x000000005e1e9800 JavaThread "jar transforms Thread 758" [_thread_blocked, id=6624, stack(0x0000000065140000,0x0000000065240000)]
  0x000000005e1eb000 JavaThread "jar transforms Thread 757" [_thread_blocked, id=6576, stack(0x0000000065800000,0x0000000065900000)]
  0x000000005e1ef000 JavaThread "jar transforms Thread 756" [_thread_blocked, id=6452, stack(0x0000000065650000,0x0000000065750000)]
  0x000000005fa51000 JavaThread "jar transforms Thread 755" [_thread_blocked, id=4948, stack(0x0000000065420000,0x0000000065520000)]
  0x000000005fa4f000 JavaThread "jar transforms Thread 754" [_thread_blocked, id=6648, stack(0x0000000065270000,0x0000000065370000)]
  0x000000005fa4f800 JavaThread "jar transforms Thread 753" [_thread_blocked, id=6956, stack(0x0000000063ce0000,0x0000000063de0000)]
  0x000000005fa4d800 JavaThread "Build operations Thread 4" [_thread_blocked, id=424, stack(0x0000000063330000,0x0000000063430000)]
  0x000000005fa50800 JavaThread "Build operations Thread 3" [_thread_blocked, id=5624, stack(0x0000000064ff0000,0x00000000650f0000)]
  0x000000005fa4c800 JavaThread "Build operations Thread 2" [_thread_blocked, id=3748, stack(0x0000000062ee0000,0x0000000062fe0000)]
  0x000000005fa52000 JavaThread "Build operations" [_thread_blocked, id=1252, stack(0x0000000062c90000,0x0000000062d90000)]
  0x000000005fa4e000 JavaThread "Cache worker for cache directory md-rule (C:\Users\user\.gradle\caches\6.5\md-rule)" [_thread_blocked, id=5036, stack(0x0000000062de0000,0x0000000062ee0000)]
  0x000000005fa4b800 JavaThread "Cache worker for cache directory md-supplier (C:\Users\user\.gradle\caches\6.5\md-supplier)" [_thread_blocked, id=1288, stack(0x0000000062b70000,0x0000000062c70000)]
  0x000000005b6e7800 JavaThread "Cache worker for checksums cache (C:\Users\user\AndroidStudioProjects\Easyclosest\.gradle\checksums)" [_thread_blocked, id=5332, stack(0x00000000618f0000,0x00000000619f0000)]
  0x000000005b6e9800 JavaThread "Cache worker for file hash cache (C:\Users\user\AndroidStudioProjects\Easyclosest\.gradle\6.5\fileHashes)" [_thread_blocked, id=820, stack(0x0000000061760000,0x0000000061860000)]
  0x000000005b6e9000 JavaThread "Thread-961" [_thread_blocked, id=6196, stack(0x000000005d5a0000,0x000000005d6a0000)]
  0x000000005b6e8000 JavaThread "Stdin handler" [_thread_blocked, id=6792, stack(0x00000000615e0000,0x00000000616e0000)]
  0x000000005b6f3800 JavaThread "Asynchronous log dispatcher for DefaultDaemonConnection: socket connection from /127.0.0.1:50909 to /127.0.0.1:60068" [_thread_blocked, id=3408, stack(0x0000000060240000,0x0000000060340000)]
  0x000000005b6f1000 JavaThread "Daemon worker Thread 9" [_thread_blocked, id=4468, stack(0x000000005d430000,0x000000005d530000)]
  0x000000005b6f4000 JavaThread "Cancel handler" [_thread_blocked, id=6588, stack(0x000000005cb80000,0x000000005cc80000)]
  0x000000005b6f2000 JavaThread "Handler for socket connection from /127.0.0.1:50909 to /127.0.0.1:60068" [_thread_in_native, id=5644, stack(0x0000000059710000,0x0000000059810000)]
  0x000000005b6f2800 JavaThread "Daemon Thread 9" [_thread_blocked, id=4396, stack(0x000000005c900000,0x000000005ca00000)]
  0x0000000058f47800 JavaThread "Cache worker for Java compile cache (C:\Users\user\.gradle\caches\6.5\javaCompile)" [_thread_blocked, id=6460, stack(0x000000006da30000,0x000000006db30000)]
  0x000000005af6b800 JavaThread "Memory manager" [_thread_blocked, id=6256, stack(0x0000000069e90000,0x0000000069f90000)]
  0x000000005b6ec000 JavaThread "Cache worker for file content cache (C:\Users\user\.gradle\caches\6.5\fileContent)" [_thread_blocked, id=3992, stack(0x0000000062390000,0x0000000062490000)]
  0x000000005b6ea800 JavaThread "Cache worker for execution history cache (C:\Users\user\.gradle\caches\6.5\executionHistory)" [_thread_blocked, id=6104, stack(0x00000000619f0000,0x0000000061af0000)]
  0x000000005b6e6800 JavaThread "Cache worker for file hash cache (C:\Users\user\.gradle\caches\6.5\fileHashes)" [_thread_blocked, id=740, stack(0x000000005dbc0000,0x000000005dcc0000)]
  0x000000005b6e6000 JavaThread "File lock request listener" [_thread_in_native, id=5200, stack(0x000000005dcd0000,0x000000005ddd0000)]
  0x000000005b921800 JavaThread "Cache worker for journal cache (C:\Users\user\.gradle\caches\journal-1)" [_thread_blocked, id=384, stack(0x000000005ce00000,0x000000005cf00000)]
  0x000000005b58e000 JavaThread "Daemon periodic checks" [_thread_blocked, id=5940, stack(0x000000005cca0000,0x000000005cda0000)]
  0x000000005b57d800 JavaThread "Incoming local TCP Connector on port 50909" [_thread_in_native, id=5212, stack(0x000000005ca60000,0x000000005cb60000)]
  0x000000005b4d6000 JavaThread "Daemon health stats" [_thread_blocked, id=1552, stack(0x000000005c490000,0x000000005c590000)]
  0x0000000058ce7000 JavaThread "Service Thread" daemon [_thread_blocked, id=5600, stack(0x0000000059840000,0x0000000059940000)]
  0x0000000058ca2800 JavaThread "C1 CompilerThread2" daemon [_thread_blocked, id=4356, stack(0x00000000595f0000,0x00000000596f0000)]
  0x0000000058c99800 JavaThread "C2 CompilerThread1" daemon [_thread_in_native, id=5560, stack(0x0000000059480000,0x0000000059580000)]
  0x0000000058c79800 JavaThread "C2 CompilerThread0" daemon [_thread_blocked, id=5680, stack(0x0000000059350000,0x0000000059450000)]
  0x0000000057674000 JavaThread "Attach Listener" daemon [_thread_blocked, id=4360, stack(0x0000000059160000,0x0000000059260000)]
  0x000000005767f000 JavaThread "Signal Dispatcher" daemon [_thread_blocked, id=892, stack(0x0000000058b70000,0x0000000058c70000)]
  0x0000000057658800 JavaThread "Finalizer" daemon [_thread_blocked, id=5792, stack(0x0000000058930000,0x0000000058a30000)]
  0x0000000057651800 JavaThread "Reference Handler" daemon [_thread_blocked, id=4724, stack(0x00000000587b0000,0x00000000588b0000)]
  0x000000000208e800 JavaThread "main" [_thread_blocked, id=5508, stack(0x0000000002320000,0x0000000002420000)]

Other Threads:
  0x000000005760a000 VMThread [stack: 0x0000000058600000,0x0000000058700000] [id=1340]
  0x0000000058ce7800 WatcherThread [stack: 0x0000000059970000,0x0000000059a70000] [id=5596]

VM state:not at safepoint (normal execution)

VM Mutex/Monitor currently owned by a thread: None

heap address: 0x0000000080000000, size: 2048 MB, Compressed Oops mode: 32-bit
Narrow klass base: 0x0000000000000000, Narrow klass shift: 0
Compressed class space size: 1073741824 Address: 0x0000000016c80000

Heap:
 PSYoungGen      total 528384K, used 258416K [0x00000000d5580000, 0x0000000100000000, 0x0000000100000000)
  eden space 389120K, 30% used [0x00000000d5580000,0x00000000dca210e8,0x00000000ed180000)
  from space 139264K, 99% used [0x00000000ed180000,0x00000000f593b100,0x00000000f5980000)
  to   space 170496K, 0% used [0x00000000f5980000,0x00000000f5980000,0x0000000100000000)
 ParOldGen       total 301056K, used 90940K [0x0000000080000000, 0x0000000092600000, 0x00000000d5580000)
  object space 301056K, 30% used [0x0000000080000000,0x00000000858cf088,0x0000000092600000)
 Metaspace       used 172323K, capacity 179502K, committed 179736K, reserved 1206272K
  class space    used 21674K, capacity 22984K, committed 23088K, reserved 1048576K

Card table byte_map: [0x0000000011ab0000,0x0000000011ec0000] byte_map_base: 0x00000000116b0000

Marking Bits: (ParMarkBitMap*) 0x000000006f00f030
 Begin Bits: [0x0000000012880000, 0x0000000014880000)
 End Bits:   [0x0000000014880000, 0x0000000016880000)

Polling page: 0x00000000001d0000

CodeCache: size=245760Kb used=72981Kb max_used=73001Kb free=172778Kb
 bounds [0x00000000026f0000, 0x0000000006ec0000, 0x00000000116f0000]
 total_blobs=20889 nmethods=20022 adapters=776
 compilation: enabled

Compilation events (10 events):
Event: 4049.017 Thread 0x0000000058ca2800 25372       3       com.android.tools.r8.ir.optimize.n$$Lambda$945/2126100439::apply (8 bytes)
Event: 4049.017 Thread 0x0000000058ca2800 nmethod 25372 0x00000000033ac110 code [0x00000000033ac2a0, 0x00000000033ac730]
Event: 4049.017 Thread 0x0000000058ca2800 25373       3       com.android.tools.r8.ir.optimize.n::a (8 bytes)
Event: 4049.018 Thread 0x0000000058ca2800 nmethod 25373 0x0000000003954a10 code [0x0000000003954b80, 0x0000000003954e90]
Event: 4049.018 Thread 0x0000000058ca2800 25379       1       com.android.tools.r8.s.b.C::S0 (2 bytes)
Event: 4049.018 Thread 0x0000000058ca2800 nmethod 25379 0x00000000041ec910 code [0x00000000041eca60, 0x00000000041ecb70]
Event: 4049.018 Thread 0x0000000058ca2800 25385       1       com.android.tools.r8.s.b.C::H2 (4 bytes)
Event: 4049.018 Thread 0x0000000058ca2800 nmethod 25385 0x0000000003626b50 code [0x0000000003626ca0, 0x0000000003626db0]
Event: 4049.027 Thread 0x0000000058ca2800 25395       3       com.android.tools.r8.ir.optimize.l::a (96 bytes)
Event: 4049.028 Thread 0x0000000058ca2800 nmethod 25395 0x0000000003d54950 code [0x0000000003d54b60, 0x0000000003d55688]

GC Heap History (10 events):
Event: 3441.726 GC heap before
{Heap before GC invocations=32 (full 5):
 PSYoungGen      total 480256K, used 359377K [0x00000000d5580000, 0x00000000fbe80000, 0x0000000100000000)
  eden space 342016K, 100% used [0x00000000d5580000,0x00000000ea380000,0x00000000ea380000)
  from space 138240K, 12% used [0x00000000f3780000,0x00000000f48745e0,0x00000000fbe80000)
  to   space 144896K, 0% used [0x00000000ea380000,0x00000000ea380000,0x00000000f3100000)
 ParOldGen       total 301056K, used 90900K [0x0000000080000000, 0x0000000092600000, 0x00000000d5580000)
  object space 301056K, 30% used [0x0000000080000000,0x00000000858c5088,0x0000000092600000)
 Metaspace       used 152235K, capacity 158084K, committed 158360K, reserved 1187840K
  class space    used 19209K, capacity 20339K, committed 20400K, reserved 1048576K
Event: 3441.926 GC heap after
Heap after GC invocations=32 (full 5):
 PSYoungGen      total 486912K, used 110178K [0x00000000d5580000, 0x00000000ff080000, 0x0000000100000000)
  eden space 342016K, 0% used [0x00000000d5580000,0x00000000d5580000,0x00000000ea380000)
  from space 144896K, 76% used [0x00000000ea380000,0x00000000f0f189b8,0x00000000f3100000)
  to   space 156160K, 0% used [0x00000000f5800000,0x00000000f5800000,0x00000000ff080000)
 ParOldGen       total 301056K, used 90908K [0x0000000080000000, 0x0000000092600000, 0x00000000d5580000)
  object space 301056K, 30% used [0x0000000080000000,0x00000000858c7088,0x0000000092600000)
 Metaspace       used 152235K, capacity 158084K, committed 158360K, reserved 1187840K
  class space    used 19209K, capacity 20339K, committed 20400K, reserved 1048576K
}
Event: 3450.307 GC heap before
{Heap before GC invocations=33 (full 5):
 PSYoungGen      total 486912K, used 452194K [0x00000000d5580000, 0x00000000ff080000, 0x0000000100000000)
  eden space 342016K, 100% used [0x00000000d5580000,0x00000000ea380000,0x00000000ea380000)
  from space 144896K, 76% used [0x00000000ea380000,0x00000000f0f189b8,0x00000000f3100000)
  to   space 156160K, 0% used [0x00000000f5800000,0x00000000f5800000,0x00000000ff080000)
 ParOldGen       total 301056K, used 90908K [0x0000000080000000, 0x0000000092600000, 0x00000000d5580000)
  object space 301056K, 30% used [0x0000000080000000,0x00000000858c7088,0x0000000092600000)
 Metaspace       used 152411K, capacity 158372K, committed 158616K, reserved 1187840K
  class space    used 19224K, capacity 20365K, committed 20400K, reserved 1048576K
Event: 3450.368 GC heap after
Heap after GC invocations=33 (full 5):
 PSYoungGen      total 517632K, used 28251K [0x00000000d5580000, 0x00000000fe800000, 0x0000000100000000)
  eden space 370176K, 0% used [0x00000000d5580000,0x00000000d5580000,0x00000000ebf00000)
  from space 147456K, 19% used [0x00000000f5800000,0x00000000f7396fa0,0x00000000fe800000)
  to   space 152064K, 0% used [0x00000000ebf00000,0x00000000ebf00000,0x00000000f5380000)
 ParOldGen       total 301056K, used 90916K [0x0000000080000000, 0x0000000092600000, 0x00000000d5580000)
  object space 301056K, 30% used [0x0000000080000000,0x00000000858c9088,0x0000000092600000)
 Metaspace       used 152411K, capacity 158372K, committed 158616K, reserved 1187840K
  class space    used 19224K, capacity 20365K, committed 20400K, reserved 1048576K
}
Event: 3884.559 GC heap before
{Heap before GC invocations=34 (full 5):
 PSYoungGen      total 517632K, used 398427K [0x00000000d5580000, 0x00000000fe800000, 0x0000000100000000)
  eden space 370176K, 100% used [0x00000000d5580000,0x00000000ebf00000,0x00000000ebf00000)
  from space 147456K, 19% used [0x00000000f5800000,0x00000000f7396fa0,0x00000000fe800000)
  to   space 152064K, 0% used [0x00000000ebf00000,0x00000000ebf00000,0x00000000f5380000)
 ParOldGen       total 301056K, used 90916K [0x0000000080000000, 0x0000000092600000, 0x00000000d5580000)
  object space 301056K, 30% used [0x0000000080000000,0x00000000858c9088,0x0000000092600000)
 Metaspace       used 157876K, capacity 164662K, committed 164760K, reserved 1193984K
  class space    used 19875K, capacity 21148K, committed 21168K, reserved 1048576K
Event: 3884.666 GC heap after
Heap after GC invocations=34 (full 5):
 PSYoungGen      total 522240K, used 74265K [0x00000000d5580000, 0x00000000ffa00000, 0x0000000100000000)
  eden space 370176K, 0% used [0x00000000d5580000,0x00000000d5580000,0x00000000ebf00000)
  from space 152064K, 48% used [0x00000000ebf00000,0x00000000f0786620,0x00000000f5380000)
  to   space 148992K, 0% used [0x00000000f6880000,0x00000000f6880000,0x00000000ffa00000)
 ParOldGen       total 301056K, used 90924K [0x0000000080000000, 0x0000000092600000, 0x00000000d5580000)
  object space 301056K, 30% used [0x0000000080000000,0x00000000858cb088,0x0000000092600000)
 Metaspace       used 157876K, capacity 164662K, committed 164760K, reserved 1193984K
  class space    used 19875K, capacity 21148K, committed 21168K, reserved 1048576K
}
Event: 4045.139 GC heap before
{Heap before GC invocations=35 (full 5):
 PSYoungGen      total 522240K, used 444441K [0x00000000d5580000, 0x00000000ffa00000, 0x0000000100000000)
  eden space 370176K, 100% used [0x00000000d5580000,0x00000000ebf00000,0x00000000ebf00000)
  from space 152064K, 48% used [0x00000000ebf00000,0x00000000f0786620,0x00000000f5380000)
  to   space 148992K, 0% used [0x00000000f6880000,0x00000000f6880000,0x00000000ffa00000)
 ParOldGen       total 301056K, used 90924K [0x0000000080000000, 0x0000000092600000, 0x00000000d5580000)
  object space 301056K, 30% used [0x0000000080000000,0x00000000858cb088,0x0000000092600000)
 Metaspace       used 162983K, capacity 169786K, committed 170008K, reserved 1198080K
  class space    used 20519K, capacity 21794K, committed 21808K, reserved 1048576K
Event: 4045.289 GC heap after
Heap after GC invocations=35 (full 5):
 PSYoungGen      total 538112K, used 98597K [0x00000000d5580000, 0x0000000100000000, 0x0000000100000000)
  eden space 389120K, 0% used [0x00000000d5580000,0x00000000d5580000,0x00000000ed180000)
  from space 148992K, 66% used [0x00000000f6880000,0x00000000fc8c94b8,0x00000000ffa00000)
  to   space 154624K, 0% used [0x00000000ed180000,0x00000000ed180000,0x00000000f6880000)
 ParOldGen       total 301056K, used 90932K [0x0000000080000000, 0x0000000092600000, 0x00000000d5580000)
  object space 301056K, 30% used [0x0000000080000000,0x00000000858cd088,0x0000000092600000)
 Metaspace       used 162983K, capacity 169786K, committed 170008K, reserved 1198080K
  class space    used 20519K, capacity 21794K, committed 21808K, reserved 1048576K
}
Event: 4048.192 GC heap before
{Heap before GC invocations=36 (full 5):
 PSYoungGen      total 538112K, used 487717K [0x00000000d5580000, 0x0000000100000000, 0x0000000100000000)
  eden space 389120K, 100% used [0x00000000d5580000,0x00000000ed180000,0x00000000ed180000)
  from space 148992K, 66% used [0x00000000f6880000,0x00000000fc8c94b8,0x00000000ffa00000)
  to   space 154624K, 0% used [0x00000000ed180000,0x00000000ed180000,0x00000000f6880000)
 ParOldGen       total 301056K, used 90932K [0x0000000080000000, 0x0000000092600000, 0x00000000d5580000)
  object space 301056K, 30% used [0x0000000080000000,0x00000000858cd088,0x0000000092600000)
 Metaspace       used 172224K, capacity 179118K, committed 179352K, reserved 1206272K
  class space    used 21651K, capacity 22942K, committed 22960K, reserved 1048576K
Event: 4048.337 GC heap after
Heap after GC invocations=36 (full 5):
 PSYoungGen      total 528384K, used 138988K [0x00000000d5580000, 0x0000000100000000, 0x0000000100000000)
  eden space 389120K, 0% used [0x00000000d5580000,0x00000000d5580000,0x00000000ed180000)
  from space 139264K, 99% used [0x00000000ed180000,0x00000000f593b100,0x00000000f5980000)
  to   space 170496K, 0% used [0x00000000f5980000,0x00000000f5980000,0x0000000100000000)
 ParOldGen       total 301056K, used 90940K [0x0000000080000000, 0x0000000092600000, 0x00000000d5580000)
  object space 301056K, 30% used [0x0000000080000000,0x00000000858cf088,0x0000000092600000)
 Metaspace       used 172224K, capacity 179118K, committed 179352K, reserved 1206272K
  class space    used 21651K, capacity 22942K, committed 22960K, reserved 1048576K
}

Deoptimization events (10 events):
Event: 3886.559 Thread 0x000000005b6f2000 Uncommon trap: reason=bimorphic action=maybe_recompile pc=0x0000000003d2c530 method=com.google.common.cache.LocalCache$Segment.get(Ljava/lang/Object;I)Ljava/lang/Object; @ 44
Event: 3886.559 Thread 0x000000005b6f2000 Uncommon trap: reason=class_check action=maybe_recompile pc=0x000000000504ed34 method=com.google.common.cache.LocalCache$Segment.put(Ljava/lang/Object;ILjava/lang/Object;Z)Ljava/lang/Object; @ 75
Event: 3886.559 Thread 0x000000005b6f2000 Uncommon trap: reason=class_check action=maybe_recompile pc=0x000000000504ed34 method=com.google.common.cache.LocalCache$Segment.put(Ljava/lang/Object;ILjava/lang/Object;Z)Ljava/lang/Object; @ 75
Event: 3886.559 Thread 0x000000005b6f2000 Uncommon trap: reason=class_check action=maybe_recompile pc=0x000000000504ed34 method=com.google.common.cache.LocalCache$Segment.put(Ljava/lang/Object;ILjava/lang/Object;Z)Ljava/lang/Object; @ 75
Event: 3886.559 Thread 0x000000005b6f2000 Uncommon trap: reason=class_check action=maybe_recompile pc=0x000000000504ed34 method=com.google.common.cache.LocalCache$Segment.put(Ljava/lang/Object;ILjava/lang/Object;Z)Ljava/lang/Object; @ 75
Event: 4046.214 Thread 0x000000005e5a2800 Uncommon trap: reason=unstable_if action=reinterpret pc=0x0000000006dae438 method=com.google.gson.stream.JsonReader.nextNonWhitespace(Z)I @ 61
Event: 4047.119 Thread 0x000000005e5a2800 Uncommon trap: reason=unstable_if action=reinterpret pc=0x0000000006df3d4c method=android.databinding.tool.reflection.SdkUtil$ApiChecker.buildFullLookup()V @ 49
Event: 4048.667 Thread 0x000000005b921800 Uncommon trap: reason=unstable_if action=reinterpret pc=0x0000000004788b1c method=java.util.concurrent.locks.AbstractQueuedSynchronizer.hasQueuedPredecessors()Z @ 21
Event: 4048.796 Thread 0x000000005e5a3800 Uncommon trap: reason=predicate action=maybe_recompile pc=0x0000000006e24480 method=java.util.Arrays.fill([Ljava/lang/Object;IILjava/lang/Object;)V @ 16
Event: 4048.851 Thread 0x000000006c770000 Uncommon trap: reason=unstable_if action=reinterpret pc=0x00000000045cda50 method=com.android.tools.r8.ir.regalloc.a.a(Lcom/android/tools/r8/s/b/k0;Lcom/android/tools/r8/ir/regalloc/a$b;)Z @ 64

Classes redefined (0 events):
No events

Internal exceptions (10 events):
Event: 4045.651 Thread 0x000000005e5a2800 Exception <a 'java/security/PrivilegedActionException'> (0x00000000d8cb5a30) thrown at [C:\src\AOSP-openjdk-git\hotspot\src\share\vm\prims\jvm.cpp, line 1502]
Event: 4045.651 Thread 0x000000005e5a2800 Exception <a 'java/security/PrivilegedActionException'> (0x00000000d8cb65c8) thrown at [C:\src\AOSP-openjdk-git\hotspot\src\share\vm\prims\jvm.cpp, line 1502]
Event: 4045.652 Thread 0x000000005e5a2800 Exception <a 'java/security/PrivilegedActionException'> (0x00000000d8cb8e70) thrown at [C:\src\AOSP-openjdk-git\hotspot\src\share\vm\prims\jvm.cpp, line 1502]
Event: 4045.652 Thread 0x000000005e5a2800 Exception <a 'java/security/PrivilegedActionException'> (0x00000000d8cb9a08) thrown at [C:\src\AOSP-openjdk-git\hotspot\src\share\vm\prims\jvm.cpp, line 1502]
Event: 4045.719 Thread 0x000000005e5a2800 Exception <a 'java/lang/IncompatibleClassChangeError': Found class java.lang.Object, but interface was expected> (0x00000000d909b2b0) thrown at [C:\src\AOSP-openjdk-git\hotspot\src\share\vm\interpreter\linkResolver.cpp, line 653]
Event: 4046.276 Thread 0x000000005e5a2800 Exception <a 'java/lang/NullPointerException'> (0x00000000de240dd0) thrown at [C:\src\AOSP-openjdk-git\hotspot\src\share\vm\interpreter\linkResolver.cpp, line 1287]
Event: 4048.520 Thread 0x000000005e5a2800 Exception <a 'sun/nio/fs/WindowsException'> (0x00000000d6fd36b8) thrown at [C:\src\AOSP-openjdk-git\hotspot\src\share\vm\prims\jni.cpp, line 710]
Event: 4048.520 Thread 0x000000005e5a2800 Exception <a 'sun/nio/fs/WindowsException'> (0x00000000d6fd43e0) thrown at [C:\src\AOSP-openjdk-git\hotspot\src\share\vm\prims\jni.cpp, line 710]
Event: 4048.667 Thread 0x000000005b921800 Implicit null exception at 0x0000000004787011 to 0x0000000004788af1
Event: 4048.821 Thread 0x000000006c770000 Exception <a 'sun/nio/fs/WindowsException'> (0x00000000dc3abd68) thrown at [C:\src\AOSP-openjdk-git\hotspot\src\share\vm\prims\jni.cpp, line 710]

Events (10 events):
Event: 4048.921 Thread 0x0000000058ca2800 flushing nmethod 0x0000000003b0a190
Event: 4048.921 Thread 0x0000000058ca2800 flushing nmethod 0x0000000003b26710
Event: 4048.922 Thread 0x0000000058c99800 flushing nmethod 0x0000000003c9d790
Event: 4048.923 Thread 0x0000000058c99800 flushing nmethod 0x0000000003d54810
Event: 4048.923 Thread 0x0000000058c99800 flushing nmethod 0x0000000003e369d0
Event: 4048.924 Thread 0x0000000058c99800 flushing nmethod 0x0000000003ed7650
Event: 4048.939 Thread 0x0000000058ca2800 flushing nmethod 0x0000000004e69490
Event: 4048.940 loading class com/android/tools/r8/graph/J$e
Event: 4048.940 loading class com/android/tools/r8/graph/J$e done
Event: 4048.968 Thread 0x0000000058ca2800 flushing nmethod 0x0000000005866590


Dynamic libraries:
0x000000013f660000 - 0x000000013f691000 	C:\Program Files\Android\Android Studio\jre\bin\java.exe
0x0000000076ec0000 - 0x0000000077069000 	C:\Windows\SYSTEM32\ntdll.dll
0x0000000076da0000 - 0x0000000076ebf000 	C:\Windows\system32\kernel32.dll
0x000007fefcec0000 - 0x000007fefcf2b000 	C:\Windows\system32\KERNELBASE.dll
0x000007fefd1e0000 - 0x000007fefd2bb000 	C:\Windows\system32\ADVAPI32.dll
0x000007fefeee0000 - 0x000007fefef7f000 	C:\Windows\system32\msvcrt.dll
0x000007feff0b0000 - 0x000007feff0cf000 	C:\Windows\SYSTEM32\sechost.dll
0x000007fefeb40000 - 0x000007fefec6d000 	C:\Windows\system32\RPCRT4.dll
0x0000000076ca0000 - 0x0000000076d9a000 	C:\Windows\system32\USER32.dll
0x000007fefdb20000 - 0x000007fefdb87000 	C:\Windows\system32\GDI32.dll
0x000007fefdcd0000 - 0x000007fefdcde000 	C:\Windows\system32\LPK.dll
0x000007feff0d0000 - 0x000007feff199000 	C:\Windows\system32\USP10.dll
0x000007fefb720000 - 0x000007fefb914000 	C:\Windows\WinSxS\amd64_microsoft.windows.common-controls_6595b64144ccf1df_6.0.7601.17514_none_fa396087175ac9ac\COMCTL32.dll
0x000007fefdce0000 - 0x000007fefdd51000 	C:\Windows\system32\SHLWAPI.dll
0x000007feff1a0000 - 0x000007feff1ce000 	C:\Windows\system32\IMM32.DLL
0x000007fefd4c0000 - 0x000007fefd5c9000 	C:\Windows\system32\MSCTF.dll
0x0000000063470000 - 0x0000000063542000 	C:\Program Files\Android\Android Studio\jre\jre\bin\msvcr100.dll
0x000000006e840000 - 0x000000006f08b000 	C:\Program Files\Android\Android Studio\jre\jre\bin\server\jvm.dll
0x000007fef3db0000 - 0x000007fef3db9000 	C:\Windows\system32\WSOCK32.dll
0x000007fefeaf0000 - 0x000007fefeb3d000 	C:\Windows\system32\WS2_32.dll
0x000007fefeed0000 - 0x000007fefeed8000 	C:\Windows\system32\NSI.dll
0x000007fefb500000 - 0x000007fefb53b000 	C:\Windows\system32\WINMM.dll
0x000007fefbf70000 - 0x000007fefbf7c000 	C:\Windows\system32\VERSION.dll
0x0000000077080000 - 0x0000000077087000 	C:\Windows\system32\PSAPI.DLL
0x000007fee6fd0000 - 0x000007fee6fdf000 	C:\Program Files\Android\Android Studio\jre\jre\bin\verify.dll
0x000007fee6fa0000 - 0x000007fee6fc9000 	C:\Program Files\Android\Android Studio\jre\jre\bin\java.dll
0x000007fee6f80000 - 0x000007fee6f96000 	C:\Program Files\Android\Android Studio\jre\jre\bin\zip.dll
0x000007fefdd60000 - 0x000007fefeae8000 	C:\Windows\system32\SHELL32.dll
0x000007fefd870000 - 0x000007fefda73000 	C:\Windows\system32\ole32.dll
0x000007fefce10000 - 0x000007fefce1f000 	C:\Windows\system32\profapi.dll
0x000007fee68b0000 - 0x000007fee68ca000 	C:\Program Files\Android\Android Studio\jre\jre\bin\net.dll
0x000007fefc640000 - 0x000007fefc695000 	C:\Windows\system32\mswsock.dll
0x000007fefc630000 - 0x000007fefc637000 	C:\Windows\System32\wship6.dll
0x000007feee530000 - 0x000007feee543000 	C:\Program Files\Android\Android Studio\jre\jre\bin\nio.dll
0x000007feeb690000 - 0x000007feeb6b7000 	C:\Users\user\.gradle\native\f6784746aeab05261644944871eae4fe03e0ef1612fff0a4a95f87b438bc6780\windows-amd64\native-platform.dll
0x000007feee080000 - 0x000007feee08d000 	C:\Program Files\Android\Android Studio\jre\jre\bin\management.dll
0x000007fefc6a0000 - 0x000007fefc6b7000 	C:\Windows\system32\CRYPTSP.dll
0x000007fefc3a0000 - 0x000007fefc3e7000 	C:\Windows\system32\rsaenh.dll
0x000007fefc160000 - 0x000007fefc17e000 	C:\Windows\system32\USERENV.dll
0x000007fefcd40000 - 0x000007fefcd4f000 	C:\Windows\system32\CRYPTBASE.dll
0x000007fefa600000 - 0x000007fefa627000 	C:\Windows\system32\IPHLPAPI.DLL
0x000007fefa630000 - 0x000007fefa63b000 	C:\Windows\system32\WINNSI.DLL
0x000007fefa450000 - 0x000007fefa468000 	C:\Windows\system32\dhcpcsvc.DLL
0x000007fefa430000 - 0x000007fefa441000 	C:\Windows\system32\dhcpcsvc6.DLL
0x000007feee370000 - 0x000007feee495000 	C:\Windows\system32\dbghelp.dll

VM Arguments:
jvm_args: -Xmx2048m -Dfile.encoding=windows-1252 -Duser.country=US -Duser.language=en -Duser.variant 
java_command: org.gradle.launcher.daemon.bootstrap.GradleDaemon 6.5
java_class_path (initial): C:\Users\user\.gradle\wrapper\dists\gradle-6.5-all\2oz4ud9k3tuxjg84bbf55q0tn\gradle-6.5\lib\gradle-launcher-6.5.jar
Launcher Type: SUN_STANDARD

Environment Variables:
PATH=C:\Program Files\Java\jdk-12\bin;C:\ADB\;C:\Program Files\Git\cmd;C:\Program Files\nodejs\;C:\Program Files (x86)\Yarn\bin\;C:\Users\user\AppData\Roaming\npm;C:\Users\user\AppData\Local\Yarn\bin
USERNAME=user
OS=Windows_NT
PROCESSOR_IDENTIFIER=Intel64 Family 6 Model 42 Stepping 7, GenuineIntel



---------------  S Y S T E M  ---------------

OS: Windows 7 , 64 bit Build 7601 (6.1.7601.17514)

CPU:total 4 (initial active 4) (2 cores per cpu, 2 threads per core) family 6 model 42 stepping 7, cmov, cx8, fxsr, mmx, sse, sse2, sse3, ssse3, sse4.1, sse4.2, popcnt, avx, clmul, ht, tsc, tscinvbit

Memory: 4k page, physical 6189424k(566156k free), swap 12377004k(5229796k free)

vm_info: OpenJDK 64-Bit Server VM (25.242-b01) for windows-amd64 JRE (1.8.0_242-release-1644-b01), built by "builder" with MS VC++ 10.0 (VS2010)

time: Fri Nov 20 10:14:08 2020
timezone: W. Central Africa Standard Time
elapsed time: 4049 seconds (0d 1h 7m 29s)

